0 info it worked if it ends with ok
1 verbose cli [ 'C:\\Program Files\\nodejs\\node.exe',
1 verbose cli   'C:\\Program Files\\nodejs\\node_modules\\npm\\bin\\npm-cli.js',
1 verbose cli   'install',
1 verbose cli   'angular-touch@X.Y.Z' ]
2 info using npm@2.14.2
3 info using node@v4.0.0
4 verbose install initial load of G:\Codes And Projects\project\Bito\Mobile\Holonko\App\package.json
5 warn package.json testsass@1.1.1 No repository field.
6 warn package.json testsass@1.1.1 No README data
7 warn package.json testsass@1.1.1 No license field.
8 verbose installManyTop reading scoped package data from G:\Codes And Projects\project\Bito\Mobile\Holonko\App\node_modules\bower\package.json
9 verbose installManyTop reading scoped package data from G:\Codes And Projects\project\Bito\Mobile\Holonko\App\node_modules\gulp\package.json
10 verbose installManyTop reading scoped package data from G:\Codes And Projects\project\Bito\Mobile\Holonko\App\node_modules\gulp-concat\package.json
11 verbose installManyTop reading scoped package data from G:\Codes And Projects\project\Bito\Mobile\Holonko\App\node_modules\gulp-minify-css\package.json
12 verbose installManyTop reading scoped package data from G:\Codes And Projects\project\Bito\Mobile\Holonko\App\node_modules\gulp-rename\package.json
13 verbose installManyTop reading scoped package data from G:\Codes And Projects\project\Bito\Mobile\Holonko\App\node_modules\gulp-sass\package.json
14 verbose installManyTop reading scoped package data from G:\Codes And Projects\project\Bito\Mobile\Holonko\App\node_modules\gulp-util\package.json
15 verbose installManyTop reading scoped package data from G:\Codes And Projects\project\Bito\Mobile\Holonko\App\node_modules\shelljs\package.json
16 info package.json gulp-minify-css@0.3.13 No license field.
17 info package.json gulp-rename@1.2.2 No license field.
18 info package.json gulp-util@2.2.20 No license field.
19 info package.json shelljs@0.3.0 license should be a valid SPDX license expression
20 verbose readDependencies loading dependencies from G:\Codes And Projects\project\Bito\Mobile\Holonko\App\package.json
21 silly cache add args [ 'angular-touch@X.Y.Z', null ]
22 verbose cache add spec angular-touch@X.Y.Z
23 silly cache add parsed spec Result {
23 silly cache add   raw: 'angular-touch@X.Y.Z',
23 silly cache add   scope: null,
23 silly cache add   name: 'angular-touch',
23 silly cache add   rawSpec: 'X.Y.Z',
23 silly cache add   spec: 'X.Y.Z',
23 silly cache add   type: 'tag' }
24 silly addNamed angular-touch@X.Y.Z
25 verbose addNamed "X.Y.Z" is being treated as a dist-tag for angular-touch
26 info addNameTag [ 'angular-touch', 'X.Y.Z' ]
27 silly mapToRegistry name angular-touch
28 silly mapToRegistry using default registry
29 silly mapToRegistry registry https://registry.npmjs.org/
30 silly mapToRegistry uri https://registry.npmjs.org/angular-touch
31 verbose addNameTag registry:https://registry.npmjs.org/angular-touch not in flight; fetching
32 verbose request uri https://registry.npmjs.org/angular-touch
33 verbose request no auth needed
34 info attempt registry request try #1 at 10:09:23 PM
35 verbose request id 20accd4e0ebb809f
36 verbose etag "AFDB2ZVONKBRTBRILXHHYD4ME"
37 http request GET https://registry.npmjs.org/angular-touch
38 http 304 https://registry.npmjs.org/angular-touch
39 silly get cb [ 304,
39 silly get   { date: 'Mon, 16 May 2016 16:39:26 GMT',
39 silly get     via: '1.1 varnish',
39 silly get     'cache-control': 'max-age=300',
39 silly get     etag: '"AFDB2ZVONKBRTBRILXHHYD4ME"',
39 silly get     age: '47',
39 silly get     connection: 'keep-alive',
39 silly get     'x-served-by': 'cache-sin6926-SIN',
39 silly get     'x-cache': 'HIT',
39 silly get     'x-cache-hits': '1',
39 silly get     'x-timer': 'S1463416766.663489,VS0,VE0',
39 silly get     vary: 'Accept-Encoding' } ]
40 verbose etag https://registry.npmjs.org/angular-touch from cache
41 verbose get saving angular-touch to C:\Users\Vijay Pratap Maurya\AppData\Roaming\npm-cache\registry.npmjs.org\angular-touch\.cache.json
42 silly addNameTag next cb for angular-touch with tag X.Y.Z
43 verbose stack Error: No compatible version found: angular-touch@'X.Y.Z'
43 verbose stack Valid install targets:
43 verbose stack ["1.3.0-rc.5","1.3.0","1.3.1","1.3.2","1.3.3","1.3.4-build.3587","1.2.27","1.3.4","1.3.5","1.3.6","1.3.7","1.2.28","1.3.8","1.4.0-beta.0","1.3.9","1.3.10","1.4.0-beta.1","1.4.0-beta.2","1.3.11","1.4.0-beta.3","1.3.12","1.3.13","1.4.0-beta.4","1.3.14","1.4.0-beta.5","1.4.0-beta.6","1.3.15","1.4.0-rc.0","1.4.0-rc.1","1.4.0-rc.2","1.4.0","1.3.16","1.4.1","1.4.2","1.3.17","1.4.3","1.4.4","1.3.18","1.4.5","1.3.19","1.4.6","1.5.0-beta.0","1.2.29","1.3.20","1.4.7","1.5.0-beta.2","1.4.8","1.5.0-rc.0","1.5.0-rc.1","1.4.9","1.5.0-rc.2","1.5.0","1.5.1","1.4.10","1.5.2","1.5.3","1.5.5"]
43 verbose stack
43 verbose stack     at installTargetsError (C:\Program Files\nodejs\node_modules\npm\lib\cache\add-named.js:278:12)
43 verbose stack     at next (C:\Program Files\nodejs\node_modules\npm\lib\cache\add-named.js:94:10)
43 verbose stack     at RES (C:\Program Files\nodejs\node_modules\npm\node_modules\inflight\inflight.js:23:14)
43 verbose stack     at f (C:\Program Files\nodejs\node_modules\npm\node_modules\once\once.js:17:25)
43 verbose stack     at fixName (C:\Program Files\nodejs\node_modules\npm\lib\cache\add-named.js:29:5)
43 verbose stack     at saved (C:\Program Files\nodejs\node_modules\npm\lib\cache\caching-client.js:173:7)
43 verbose stack     at C:\Program Files\nodejs\node_modules\npm\node_modules\graceful-fs\polyfills.js:210:7
43 verbose stack     at FSReqWrap.oncomplete (fs.js:82:15)
44 verbose cwd G:\Codes And Projects\project\Bito\Mobile\Holonko\App\www
45 error Windows_NT 10.0.10240
46 error argv "C:\\Program Files\\nodejs\\node.exe" "C:\\Program Files\\nodejs\\node_modules\\npm\\bin\\npm-cli.js" "install" "angular-touch@X.Y.Z"
47 error node v4.0.0
48 error npm  v2.14.2
49 error code ETARGET
50 error notarget No compatible version found: angular-touch@'X.Y.Z'
50 error notarget Valid install targets:
50 error notarget ["1.3.0-rc.5","1.3.0","1.3.1","1.3.2","1.3.3","1.3.4-build.3587","1.2.27","1.3.4","1.3.5","1.3.6","1.3.7","1.2.28","1.3.8","1.4.0-beta.0","1.3.9","1.3.10","1.4.0-beta.1","1.4.0-beta.2","1.3.11","1.4.0-beta.3","1.3.12","1.3.13","1.4.0-beta.4","1.3.14","1.4.0-beta.5","1.4.0-beta.6","1.3.15","1.4.0-rc.0","1.4.0-rc.1","1.4.0-rc.2","1.4.0","1.3.16","1.4.1","1.4.2","1.3.17","1.4.3","1.4.4","1.3.18","1.4.5","1.3.19","1.4.6","1.5.0-beta.0","1.2.29","1.3.20","1.4.7","1.5.0-beta.2","1.4.8","1.5.0-rc.0","1.5.0-rc.1","1.4.9","1.5.0-rc.2","1.5.0","1.5.1","1.4.10","1.5.2","1.5.3","1.5.5"]
50 error notarget
50 error notarget This is most likely not a problem with npm itself.
50 error notarget In most cases you or one of your dependencies are requesting
50 error notarget a package version that doesn't exist.
50 error notarget
50 error notarget It was specified as a dependency of 'testsass'
51 verbose exit [ 1, true ]
